Jul 15, 2019 9:12:33 AM org.apache.catalina.startup.VersionLoggerListener log
INFO: Server version:        Apache Tomcat/7.0.94
Jul 15, 2019 9:12:33 AM org.apache.catalina.startup.VersionLoggerListener log
INFO: Server built:          Apr 10 2019 16:56:40 UTC
Jul 15, 2019 9:12:33 AM org.apache.catalina.startup.VersionLoggerListener log
INFO: Server number:         7.0.94.0
Jul 15, 2019 9:12:33 AM org.apache.catalina.startup.VersionLoggerListener log
INFO: OS Name:               Windows 8
Jul 15, 2019 9:12:33 AM org.apache.catalina.startup.VersionLoggerListener log
INFO: OS Version:            6.2
Jul 15, 2019 9:12:33 AM org.apache.catalina.startup.VersionLoggerListener log
INFO: Architecture:          amd64
Jul 15, 2019 9:12:33 AM org.apache.catalina.startup.VersionLoggerListener log
INFO: Java Home:             C:\Program Files\Java\jre7
Jul 15, 2019 9:12:33 AM org.apache.catalina.startup.VersionLoggerListener log
INFO: JVM Version:           1.7.0_25-b17
Jul 15, 2019 9:12:33 AM org.apache.catalina.startup.VersionLoggerListener log
INFO: JVM Vendor:            Oracle Corporation
Jul 15, 2019 9:12:33 AM org.apache.catalina.startup.VersionLoggerListener log
INFO: CATALINA_BASE:         C:\Users\cselab\Desktop\apache-tomcat-7.0.94
Jul 15, 2019 9:12:33 AM org.apache.catalina.startup.VersionLoggerListener log
INFO: CATALINA_HOME:         C:\Users\cselab\Desktop\apache-tomcat-7.0.94
Jul 15, 2019 9:12:33 AM org.apache.catalina.startup.VersionLoggerListener log
INFO: Command line argument: -Djava.util.logging.config.file=C:\Users\cselab\Desktop\apache-tomcat-7.0.94\conf\logging.properties
Jul 15, 2019 9:12:33 AM org.apache.catalina.startup.VersionLoggerListener log
INFO: Command line argument: -Djava.util.logging.manager=org.apache.juli.ClassLoaderLogManager
Jul 15, 2019 9:12:33 AM org.apache.catalina.startup.VersionLoggerListener log
INFO: Command line argument: -Djdk.tls.ephemeralDHKeySize=2048
Jul 15, 2019 9:12:33 AM org.apache.catalina.startup.VersionLoggerListener log
INFO: Command line argument: -Dignore.endorsed.dirs=
Jul 15, 2019 9:12:33 AM org.apache.catalina.startup.VersionLoggerListener log
INFO: Command line argument: -Dcatalina.base=C:\Users\cselab\Desktop\apache-tomcat-7.0.94
Jul 15, 2019 9:12:33 AM org.apache.catalina.startup.VersionLoggerListener log
INFO: Command line argument: -Dcatalina.home=C:\Users\cselab\Desktop\apache-tomcat-7.0.94
Jul 15, 2019 9:12:33 AM org.apache.catalina.startup.VersionLoggerListener log
INFO: Command line argument: -Djava.io.tmpdir=C:\Users\cselab\Desktop\apache-tomcat-7.0.94\temp
Jul 15, 2019 9:12:33 AM org.apache.catalina.core.AprLifecycleListener lifecycleEvent
INFO: The APR based Apache Tomcat Native library which allows optimal performance in production environments was not found on the java.library.path: C:\Program Files\Java\jre7\bin;C:\WINDOWS\Sun\Java\bin;C:\WINDOWS\system32;C:\WINDOWS;C:\ProgramData\Oracle\Java\javapath;C:\Program Files (x86)\Intel\iCLS Client\;C:\Program Files\Intel\iCLS Client\;C:\WINDOWS\system32;C:\WINDOWS;C:\WINDOWS\System32\Wbem;C:\WINDOWS\System32\WindowsPowerShell\v1.0\;C:\Program Files (x86)\Intel\Intel(R) Management Engine Components\DAL;C:\Program Files\Intel\Intel(R) Management Engine Components\DAL;C:\Program Files (x86)\Intel\Intel(R) Management Engine Components\IPT;C:\Program Files\Intel\Intel(R) Management Engine Components\IPT;C:\Program Files (x86)\Rational\common;C:\WINDOWS\System32\OpenSSH\;C:\Program Files\Git\cmd;C:\Program Files (x86)\Brackets\command;C:\Users\cselab\AppData\Local\Microsoft\WindowsApps;;C:\Users\cselab\AppData\Local\Programs\Microsoft VS Code\bin;.
Jul 15, 2019 9:12:35 AM org.apache.coyote.AbstractProtocol init
INFO: Initializing ProtocolHandler ["http-bio-8080"]
Jul 15, 2019 9:12:35 AM org.apache.coyote.AbstractProtocol init
INFO: Initializing ProtocolHandler ["ajp-bio-8009"]
Jul 15, 2019 9:12:35 AM org.apache.catalina.startup.Catalina load
INFO: Initialization processed in 2305 ms
Jul 15, 2019 9:12:35 AM org.apache.catalina.core.StandardService startInternal
INFO: Starting service Catalina
Jul 15, 2019 9:12:35 AM org.apache.catalina.core.StandardEngine startInternal
INFO: Starting Servlet Engine: Apache Tomcat/7.0.94
Jul 15, 2019 9:12:35 AM org.apache.catalina.startup.HostConfig deployDirectory
INFO: Deploying web application directory C:\Users\cselab\Desktop\apache-tomcat-7.0.94\webapps\docs
Jul 15, 2019 9:12:35 AM org.apache.catalina.startup.HostConfig deployDirectory
INFO: Deployment of web application directory C:\Users\cselab\Desktop\apache-tomcat-7.0.94\webapps\docs has finished in 390 ms
Jul 15, 2019 9:12:35 AM org.apache.catalina.startup.HostConfig deployDirectory
INFO: Deploying web application directory C:\Users\cselab\Desktop\apache-tomcat-7.0.94\webapps\examples
Jul 15, 2019 9:12:36 AM org.apache.catalina.startup.HostConfig deployDirectory
INFO: Deployment of web application directory C:\Users\cselab\Desktop\apache-tomcat-7.0.94\webapps\examples has finished in 833 ms
Jul 15, 2019 9:12:36 AM org.apache.catalina.startup.HostConfig deployDirectory
INFO: Deploying web application directory C:\Users\cselab\Desktop\apache-tomcat-7.0.94\webapps\host-manager
Jul 15, 2019 9:12:36 AM org.apache.catalina.startup.HostConfig deployDirectory
INFO: Deployment of web application directory C:\Users\cselab\Desktop\apache-tomcat-7.0.94\webapps\host-manager has finished in 49 ms
Jul 15, 2019 9:12:36 AM org.apache.catalina.startup.HostConfig deployDirectory
INFO: Deploying web application directory C:\Users\cselab\Desktop\apache-tomcat-7.0.94\webapps\manager
Jul 15, 2019 9:12:36 AM org.apache.catalina.startup.HostConfig deployDirectory
INFO: Deployment of web application directory C:\Users\cselab\Desktop\apache-tomcat-7.0.94\webapps\manager has finished in 46 ms
Jul 15, 2019 9:12:36 AM org.apache.catalina.startup.HostConfig deployDirectory
INFO: Deploying web application directory C:\Users\cselab\Desktop\apache-tomcat-7.0.94\webapps\ROOT
Jul 15, 2019 9:12:36 AM org.apache.catalina.startup.HostConfig deployDirectory
INFO: Deployment of web application directory C:\Users\cselab\Desktop\apache-tomcat-7.0.94\webapps\ROOT has finished in 36 ms
Jul 15, 2019 9:12:36 AM org.apache.coyote.AbstractProtocol start
INFO: Starting ProtocolHandler ["http-bio-8080"]
Jul 15, 2019 9:12:36 AM org.apache.coyote.AbstractProtocol start
INFO: Starting ProtocolHandler ["ajp-bio-8009"]
Jul 15, 2019 9:12:36 AM org.apache.catalina.startup.Catalina start
INFO: Server startup in 1451 ms
